<?xml version="1.0" encoding="UTF-8"?>
<testsuite xmlns:xsi="http://www.w3.org/2001/XMLSchema-instance" xsi:noNamespaceSchemaLocation="https://maven.apache.org/surefire/maven-surefire-plugin/xsd/surefire-test-report-3.0.xsd" version="3.0" name="com.swift.ecommerce.EcommerceApplicationTests" time="1.476" tests="1" errors="0" skipped="0" failures="0">
  <properties>
[...]
</properties>
  <testcase name="contextLoads" classname="com.swift.ecommerce.EcommerceApplicationTests" time="0.542">
    <system-out><![CDATA[11:04:48.266 [main] INFO org.springframework.test.context.support.AnnotationConfigContextLoaderUtils -- Could not detect default configuration classes for test class [com.swift.ecommerce.EcommerceApplicationTests]: EcommerceApplicationTests does not declare any static, non-private, non-final, nested classes annotated with @Configuration.
11:04:48.330 [main] INFO org.springframework.boot.test.context.SpringBootTestContextBootstrapper -- Found @SpringBootConfiguration com.swift.ecommerce.EcommerceApplication for test class com.swift.ecommerce.EcommerceApplicationTests

  .   ____          _            __ _ _
 /\\ / ___'_ __ _ _(_)_ __  __ _ \ \ \ \
( ( )\___ | '_ | '_| | '_ \/ _` | \ \ \ \
 \\/  ___)| |_)| | | | | || (_| |  ) ) ) )
  '  |____| .__|_| |_|_| |_\__, | / / / /
 =========|_|==============|___/=/_/_/_/

 :: Spring Boot ::                (v3.3.4)

2024-10-08T11:04:48.505+08:00  INFO 13776 --- [ecommerce] [           main] c.s.ecommerce.EcommerceApplicationTests  : Starting EcommerceApplicationTests using Java 23 with PID 13776 (started by ben in /Users/ben/Code/swift-ecommerce-spring)
2024-10-08T11:04:48.506+08:00  INFO 13776 --- [ecommerce] [           main] c.s.ecommerce.EcommerceApplicationTests  : No active profile set, falling back to 1 default profile: "default"
2024-10-08T11:04:49.097+08:00  INFO 13776 --- [ecommerce] [           main] c.s.ecommerce.EcommerceApplicationTests  : Started EcommerceApplicationTests in 0.707 seconds (process running for 1.216)
]]></system-out>
    <system-err><![CDATA[WARNING: A Java agent has been loaded dynamically (/Users/ben/.m2/repository/net/bytebuddy/byte-buddy-agent/1.14.19/byte-buddy-agent-1.14.19.jar)
WARNING: If a serviceability tool is in use, please run with -XX:+EnableDynamicAgentLoading to hide this warning
WARNING: If a serviceability tool is not in use, please run with -Djdk.instrument.traceUsage for more information
WARNING: Dynamic loading of agents will be disallowed by default in a future release
]]></system-err>
  </testcase>
</testsuite>